Update at Sun Jun 22 15:51:20 UTC 2025
Update at Sun Jun 22 15:53:03 UTC 2025
Update at Sun Jun 22 15:53:14 UTC 2025
Update at Sun Jun 22 21:34:11 UTC 2025
Update at Mon Jun 23 21:35:40 UTC 2025
Update at Tue Jun 24 21:36:05 UTC 2025
Update at Wed Jun 25 21:36:37 UTC 2025
Update at Thu Jun 26 21:35:54 UTC 2025
Update at Fri Jun 27 21:34:11 UTC 2025
Update at Sat Jun 28 21:33:54 UTC 2025
Update at Sun Jun 29 21:33:36 UTC 2025
Update at Mon Jun 30 21:35:32 UTC 2025
Update at Tue Jul  1 21:36:02 UTC 2025
Update at Wed Jul  2 21:35:51 UTC 2025
Update at Thu Jul  3 21:35:17 UTC 2025
Update at Fri Jul  4 21:34:23 UTC 2025
Update at Sat Jul  5 21:34:01 UTC 2025
Update at Sun Jul  6 21:33:58 UTC 2025
Update at Mon Jul  7 21:32:40 UTC 2025
Update at Tue Jul  8 21:36:25 UTC 2025
Update at Wed Jul  9 21:36:41 UTC 2025
Update at Thu Jul 10 21:37:38 UTC 2025
Update at Fri Jul 11 21:36:10 UTC 2025
Update at Sat Jul 12 21:34:19 UTC 2025
Update at Sun Jul 13 21:34:07 UTC 2025
Update at Mon Jul 14 21:35:57 UTC 2025
Update at Tue Jul 15 21:37:21 UTC 2025
Update at Wed Jul 16 21:38:19 UTC 2025
Update at Thu Jul 17 21:37:22 UTC 2025
Update at Fri Jul 18 21:37:28 UTC 2025
Update at Sat Jul 19 21:35:44 UTC 2025
Update at Sun Jul 20 21:35:49 UTC 2025
Update at Mon Jul 21 21:37:54 UTC 2025
Update at Tue Jul 22 21:38:06 UTC 2025
Update at Wed Jul 23 21:38:01 UTC 2025
Update at Thu Jul 24 21:37:24 UTC 2025
Update at Fri Jul 25 21:37:19 UTC 2025
Update at Sat Jul 26 21:35:56 UTC 2025
Update at Sun Jul 27 21:36:21 UTC 2025
Update at Mon Jul 28 21:37:08 UTC 2025
Update at Tue Jul 29 21:38:40 UTC 2025
Update at Wed Jul 30 21:38:37 UTC 2025
Update at Thu Jul 31 21:38:29 UTC 2025
Update at Fri Aug  1 21:37:48 UTC 2025
Update at Sat Aug  2 21:36:10 UTC 2025
Update at Sun Aug  3 21:37:22 UTC 2025
Update at Mon Aug  4 21:39:02 UTC 2025
Update at Tue Aug  5 21:38:42 UTC 2025
Update at Wed Aug  6 21:37:07 UTC 2025
Update at Thu Aug  7 21:38:14 UTC 2025
Update at Fri Aug  8 21:35:40 UTC 2025
Update at Sat Aug  9 21:34:52 UTC 2025
